04_2020_art_33_normal_gab.xlsx
benatual33-18.08.xlsx
benatual33-17.07.xlsx
benatual33-19.05b.xlsx
3a_120315-164228-888.xls
3a_110311-094303-037.xls
1a_130415-162019-287.xls
benatual33-18.05.xlsx
benatual33-07.10.xls
benatual33-18.07.xlsx
09_2019_art_33_normal_gab.xlsx
3a_110713-112009-879.xls
benatual33-08.08.xls
benatual33a_17.12.xlsx
indice-atualizacao-beneficios-pagos-atraso-art-33-fevereiro-2019.xlsx
07a_2015a_arta_33.xlsx
benatual33-08.09.xls
08a_2019a_arta_33a_normala_Gab-com-portaria.xlsx
3a_110112-123055-332.xls
03a_2017a_arta_33.xlsx
12a_2019a_arta_33a_normala_Gab-com-portaria.xlsx
02a_2016a_arta_33.xlsx
3a_110811-111813-803.xls
11a_2013a_arta_33.xls
benatual33-07.11.xls
benatual33-08.01.xls
benatual33a_17.09.xlsx
Ca_pia-de-09a_2016a_arta_33-2.xlsx
benatual33-08.10.xls
benatual33-17.04.xlsx
10a_2016a_arta_33-1.xlsx
benatual33-09.02.xls
03a_2016a_arta_33.xlsx
10a_2015a_arta_33.xlsx
11a_2016a_arta_33.xlsx
benatual33-09.03.xls
benatual33-08.07.xls
benatual33-09.10.xls
09a_2014a_arta_33.xlsx
3a_110210-104038-934.xls
08_2012_art_33.xlsx
05a_2015a_arta_33.xlsx
benatual33-18.04.xlsx
benatual33-08.03.xls
1a_130802-163922-805.xls
01a_2019a_arta_33a_normala_Gab-com-portaria.xlsx
02a_2014a_arta_33.xls
benatual33-09.08.xls
11a_2014a_arta_33.xlsx
benatual33-18.01b.xlsx
02a_2018a_arta_33a_normala_Gab-portaria.xlsx
10_2019_art_33_normal_gab.xlsx
02a_2015a_arta_33.xlsx
29a_130909-094521-980.xls
03a_2015a_arta_33.xlsx
01a_2017a_arta_33.xls
benatual33-08.04.xls
1a_130802-164042-530.xls
08a_2015a_arta_33.xlsx
1a_130802-163914-829.xls
10a_2014a_arta_33a_Normal.xlsx
1a_130626-105138-938.xls
08a_2016a_arta_33-3.xlsx
01a_2016a_arta_33.xlsx
benatual33-09.01.xls
benatual33-06.04.xls
08a_2014a_arta_33.xlsx
benatual33-09.11.xls
12a_2018a_arta_33a_normala_Gab-portaria.xlsx
06_2020_art_33_normal_gab.xlsx
benatual33-08.05.xls
benatual33-18.10.xlsx
1a_120910-115520-884.xls
03a_2014a_arta_33.xls
04a_2014a_arta_33.xls
benatual33-18.09.xlsx
benatual33-08.06.xls
4a_110909-160208-963.xls
benatual33-09.04.xls
Copiaa_dea_04a_2016a_arta_33.xlsx
06a_2019a_arta_33a_normala_Gab-com-portaria.xlsx
1a_130809-144318-998.xls
07a_2014a_arta_332.xls
benatual33-06.03.xls
02a_2017a_arta_33.xlsx
12a_2015a_arta_33.xlsx
10a_2013a_arta_33.xls
04a_2015a_arta_33.xlsx
3a_120614-102851-911.xls
01a_2020a_arta_33a_normala_Gab-com-portaria.xlsx
benatual33-17.05.xlsx
1a_130802-163936-416.xls
benatual33-18.03.xlsx
benatual33a_17.10.xlsx
3a_111018-105842-899.xls
1a_130219-095616-923.xls
05a_2014a_arta_33.xls
benatual33-08.02.xls
1a_121015-090637-931.xls
01a_2014a_arta_33.xls
1a_121213-110920-600.xls
4a_110415-114931-501.xls
benatual33-19.03b.xlsx
benatual33-09.07.xls
1a_130802-164014-236.xls
09a_2015a_arta_33a_Normal.xlsx
1a_130802-163957-420.xls
12a_2014a_arta_33.xlsx
3a_120523-143118-248.xls
benatual33-07.09.xls
1a_130723-114803-638.xls
benatual33-18.06.xlsx
03_2020_art_33_normal_gab.xlsx
benatual33-06.02.xls
benatual33-19.07b.xlsx
1a_130130-100913-888.xls
1a_130802-163929-894.xls
11_2017_art_33_normal_gab.xlsx
3a_111118-142950-598.xls
benatual33-08.11.xls
12a_2013a_arta_33.xls
benatual33-07.12.xls
1a_121119-141749-716.xls
maio2016a_arta_33.xlsx
benatual33-09.06.xls
1a_130802-163949-114.xls
benatual33-08.12.xls
1a_130802-163942-782.xls
benatual33-18.11.xlsx
3a_111214-104533-955.xls
20a_120716-143346-665.xls
benatual33-06.01.xls
11_2019_art_33_normal_gab.xlsx
3a_110613-092923-149.xls
06a_2015a_arta_33.xlsx
1a_130802-164032-161.xls
4a_120116-152117-825.xls
06a_2014a_arta_33.xls
07a_2016a_arta_33.xlsx
1a_130802-164005-510.xls
4a_110513-111006-137.xls
benatual33-09.12.xls
Junho33.xlsx
3a_120419-095305-045.xls
benatual33-09.05.xls
05_2020_art_33_normal_gab.xlsx
benatual33-19.04b.xlsx
1a_130802-164023-752.xls
01a_2015a_arta_33.xlsx
02_2020_art_33_normal_gab.xlsx
11a_2015a_arta_33.xlsx
3a_120217-142013-673.xls
benatual33-17.08.xlsx
1a_130313-165417-516.xls
12a_2016a_arta_33.xlsx
1a_130510-111736-314.xls
benatual33-09.09.xls
benatual33-17.06.xlsx
